This file contains any messages produced by compilers while
running configure, to aid debugging if configure makes a mistake.

It was created by HyperspaceExplorer configure 0.2.0, which was
generated by GNU Autoconf 2.61.  Invocation command line was

  $ ./configure 

## --------- ##
## Platform. ##
## --------- ##

hostname = sirius
uname -m = x86_64
uname -r = 2.6.23-gentoo-r8
uname -s = Linux
uname -v = #4 SMP PREEMPT Wed Feb 13 21:37:44 CET 2008

/usr/bin/uname -p = AMD Athlon(tm) 64 X2 Dual Core Processor 4400+
/bin/uname -X     = unknown

/bin/arch              = unknown
/usr/bin/arch -k       = unknown
/usr/convex/getsysinfo = unknown
/usr/bin/hostinfo      = unknown
/bin/machine           = unknown
/usr/bin/oslevel       = unknown
/bin/universe          = unknown

PATH: /sbin
PATH: /usr/sbin
PATH: /usr/local/sbin
PATH: /root/usr/X11R6/bin
PATH: /usr/local/bin
PATH: /usr/bin
PATH: /bin
PATH: /opt/bin
PATH: /usr/x86_64-pc-linux-gnu/gcc-bin/4.1.1
PATH: /opt/blackdown-jdk-1.4.2.03/bin
PATH: /opt/blackdown-jdk-1.4.2.03/jre/bin
PATH: /usr/kde/4.0/bin
PATH: /usr/kde/3.5/bin
PATH: /usr/qt/3/bin


## ----------- ##
## Core tests. ##
## ----------- ##

configure:1806: checking for a BSD-compatible install
configure:1862: result: /usr/bin/install -c
configure:1873: checking whether build environment is sane
configure:1916: result: yes
configure:1949: checking for gawk
configure:1965: found /usr/bin/gawk
configure:1976: result: gawk
configure:1987: checking whether make sets $(MAKE)
configure:2008: result: yes
configure:2280: checking for g++
configure:2296: found /usr/bin/g++
configure:2307: result: g++
configure:2338: checking for C++ compiler version
configure:2345: g++ --version >&5
g++ (GCC) 4.1.1 (Gentoo 4.1.1-r3)
Copyright (C) 2006 Free Software Foundation, Inc.
This is free software; see the source for copying conditions.  There is NO
warranty; not even for MERCHANTABILITY or FITNESS FOR A PARTICULAR PURPOSE.

configure:2348: $? = 0
configure:2355: g++ -v >&5
Using built-in specs.
Target: x86_64-pc-linux-gnu
Configured with: /var/tmp/portage/sys-devel/gcc-4.1.1-r3/work/gcc-4.1.1/configure --prefix=/usr --bindir=/usr/x86_64-pc-linux-gnu/gcc-bin/4.1.1 --includedir=/usr/lib/gcc/x86_64-pc-linux-gnu/4.1.1/include --datadir=/usr/share/gcc-data/x86_64-pc-linux-gnu/4.1.1 --mandir=/usr/share/gcc-data/x86_64-pc-linux-gnu/4.1.1/man --infodir=/usr/share/gcc-data/x86_64-pc-linux-gnu/4.1.1/info --with-gxx-include-dir=/usr/lib/gcc/x86_64-pc-linux-gnu/4.1.1/include/g++-v4 --host=x86_64-pc-linux-gnu --build=x86_64-pc-linux-gnu --disable-altivec --enable-nls --without-included-gettext --with-system-zlib --disable-checking --disable-werror --enable-secureplt --disable-libunwind-exceptions --enable-multilib --disable-libmudflap --disable-libssp --disable-libgcj --enable-languages=c,c++,fortran --enable-shared --enable-threads=posix --enable-__cxa_atexit --enable-clocale=gnu
Thread model: posix
gcc version 4.1.1 (Gentoo 4.1.1-r3)
configure:2358: $? = 0
configure:2365: g++ -V >&5
g++: '-V' option must have argument
configure:2368: $? = 1
configure:2391: checking for C++ compiler default output file name
configure:2418: g++    conftest.cpp  >&5
configure:2421: $? = 0
configure:2459: result: a.out
configure:2476: checking whether the C++ compiler works
configure:2486: ./a.out
configure:2489: $? = 0
configure:2506: result: yes
configure:2513: checking whether we are cross compiling
configure:2515: result: no
configure:2518: checking for suffix of executables
configure:2525: g++ -o conftest    conftest.cpp  >&5
configure:2528: $? = 0
configure:2552: result: 
configure:2558: checking for suffix of object files
configure:2584: g++ -c   conftest.cpp >&5
configure:2587: $? = 0
configure:2610: result: o
configure:2614: checking whether we are using the GNU C++ compiler
configure:2643: g++ -c   conftest.cpp >&5
configure:2649: $? = 0
configure:2666: result: yes
configure:2671: checking whether g++ accepts -g
configure:2701: g++ -c -g  conftest.cpp >&5
configure:2707: $? = 0
configure:2806: result: yes
configure:2840: checking for style of include used by make
configure:2868: result: GNU
configure:2896: checking dependency style of g++
configure:2979: result: none
configure:3044: checking for gcc
configure:3060: found /usr/bin/gcc
configure:3071: result: gcc
configure:3309: checking for C compiler version
configure:3316: gcc --version >&5
gcc (GCC) 4.1.1 (Gentoo 4.1.1-r3)
Copyright (C) 2006 Free Software Foundation, Inc.
This is free software; see the source for copying conditions.  There is NO
warranty; not even for MERCHANTABILITY or FITNESS FOR A PARTICULAR PURPOSE.

configure:3319: $? = 0
configure:3326: gcc -v >&5
Using built-in specs.
Target: x86_64-pc-linux-gnu
Configured with: /var/tmp/portage/sys-devel/gcc-4.1.1-r3/work/gcc-4.1.1/configure --prefix=/usr --bindir=/usr/x86_64-pc-linux-gnu/gcc-bin/4.1.1 --includedir=/usr/lib/gcc/x86_64-pc-linux-gnu/4.1.1/include --datadir=/usr/share/gcc-data/x86_64-pc-linux-gnu/4.1.1 --mandir=/usr/share/gcc-data/x86_64-pc-linux-gnu/4.1.1/man --infodir=/usr/share/gcc-data/x86_64-pc-linux-gnu/4.1.1/info --with-gxx-include-dir=/usr/lib/gcc/x86_64-pc-linux-gnu/4.1.1/include/g++-v4 --host=x86_64-pc-linux-gnu --build=x86_64-pc-linux-gnu --disable-altivec --enable-nls --without-included-gettext --with-system-zlib --disable-checking --disable-werror --enable-secureplt --disable-libunwind-exceptions --enable-multilib --disable-libmudflap --disable-libssp --disable-libgcj --enable-languages=c,c++,fortran --enable-shared --enable-threads=posix --enable-__cxa_atexit --enable-clocale=gnu
Thread model: posix
gcc version 4.1.1 (Gentoo 4.1.1-r3)
configure:3329: $? = 0
configure:3336: gcc -V >&5
gcc: '-V' option must have argument
configure:3339: $? = 1
configure:3342: checking whether we are using the GNU C compiler
configure:3371: gcc -c   conftest.c >&5
configure:3377: $? = 0
configure:3394: result: yes
configure:3399: checking whether gcc accepts -g
configure:3429: gcc -c -g  conftest.c >&5
configure:3435: $? = 0
configure:3534: result: yes
configure:3551: checking for gcc option to accept ISO C89
configure:3625: gcc  -c -g -O2  conftest.c >&5
configure:3631: $? = 0
configure:3654: result: none needed
configure:3674: checking dependency style of gcc
configure:3757: result: none
configure:3774: checking whether make sets $(MAKE)
configure:3795: result: yes
configure:3820: checking how to run the C++ preprocessor
configure:3856: g++ -E  conftest.cpp
configure:3862: $? = 0
configure:3893: g++ -E  conftest.cpp
conftest.cpp:10:28: error: ac_nonexistent.h: No such file or directory
configure:3899: $? = 1
configure: failed program was:
| /* confdefs.h.  */
| #define PACKAGE_NAME "HyperspaceExplorer"
| #define PACKAGE_TARNAME "hyperspace-expl"
| #define PACKAGE_VERSION "0.2.0"
| #define PACKAGE_STRING "HyperspaceExplorer 0.2.0"
| #define PACKAGE_BUGREPORT "helge.preuss@gmx.net"
| #define PACKAGE "hyperspace-expl"
| #define VERSION "0.2.0"
| /* end confdefs.h.  */
| #include <ac_nonexistent.h>
configure:3932: result: g++ -E
configure:3961: g++ -E  conftest.cpp
configure:3967: $? = 0
configure:3998: g++ -E  conftest.cpp
conftest.cpp:10:28: error: ac_nonexistent.h: No such file or directory
configure:4004: $? = 1
configure: failed program was:
| /* confdefs.h.  */
| #define PACKAGE_NAME "HyperspaceExplorer"
| #define PACKAGE_TARNAME "hyperspace-expl"
| #define PACKAGE_VERSION "0.2.0"
| #define PACKAGE_STRING "HyperspaceExplorer 0.2.0"
| #define PACKAGE_BUGREPORT "helge.preuss@gmx.net"
| #define PACKAGE "hyperspace-expl"
| #define VERSION "0.2.0"
| /* end confdefs.h.  */
| #include <ac_nonexistent.h>
configure:4058: checking for GL
configure:4100: gcc -o conftest -g -O2      -lGL -lGLU -lX11 -lXext -lm  conftest.c  >&5
conftest.c: In function 'main':
conftest.c:17: warning: incompatible implicit declaration of built-in function 'exit'
configure:4106: $? = 0
configure:4150: result: yes
configure:4182: checking how to run the C preprocessor
configure:4222: gcc -E  conftest.c
configure:4228: $? = 0
configure:4259: gcc -E  conftest.c
conftest.c:11:28: error: ac_nonexistent.h: No such file or directory
configure:4265: $? = 1
configure: failed program was:
| /* confdefs.h.  */
| #define PACKAGE_NAME "HyperspaceExplorer"
| #define PACKAGE_TARNAME "hyperspace-expl"
| #define PACKAGE_VERSION "0.2.0"
| #define PACKAGE_STRING "HyperspaceExplorer 0.2.0"
| #define PACKAGE_BUGREPORT "helge.preuss@gmx.net"
| #define PACKAGE "hyperspace-expl"
| #define VERSION "0.2.0"
| #define HAVE_GL 1
| /* end confdefs.h.  */
| #include <ac_nonexistent.h>
configure:4298: result: gcc -E
configure:4327: gcc -E  conftest.c
configure:4333: $? = 0
configure:4364: gcc -E  conftest.c
conftest.c:11:28: error: ac_nonexistent.h: No such file or directory
configure:4370: $? = 1
configure: failed program was:
| /* confdefs.h.  */
| #define PACKAGE_NAME "HyperspaceExplorer"
| #define PACKAGE_TARNAME "hyperspace-expl"
| #define PACKAGE_VERSION "0.2.0"
| #define PACKAGE_STRING "HyperspaceExplorer 0.2.0"
| #define PACKAGE_BUGREPORT "helge.preuss@gmx.net"
| #define PACKAGE "hyperspace-expl"
| #define VERSION "0.2.0"
| #define HAVE_GL 1
| /* end confdefs.h.  */
| #include <ac_nonexistent.h>
configure:4408: checking for X
configure:4643: result: libraries /usr/lib64, headers 
configure:4651: checking QTDIR
configure:4671: result: /usr/qt/3
configure:4681: checking Qt version
configure:4697: result: 338 (3)
configure:4703: checking for moc
configure:4719: found /usr/bin/moc
configure:4730: result: moc
configure:4747: checking for uic
configure:4763: found /usr/bin/uic
configure:4774: result: uic
configure:4793: checking for qembed
configure:4809: found /usr/qt/3/bin/qembed
configure:4820: result: qembed
configure:4897: checking if Qt is static
configure:4899: result: no
configure:4901: checking if Qt is multithreaded
configure:4903: result: no
configure:4905: checking if Qt is embedded
configure:4907: result: no
configure:5068: checking QT_CXXFLAGS
configure:5070: result: -I/usr/qt/3/include
configure:5072: checking QT_LDADD
configure:5074: result: -L/usr/qt/3/lib -lqt
configure:5091: checking for grep that handles long lines and -e
configure:5165: result: /bin/grep
configure:5170: checking for egrep
configure:5248: result: /bin/grep -E
configure:5253: checking for ANSI C header files
configure:5283: gcc -c -g -O2  conftest.c >&5
configure:5289: $? = 0
configure:5388: gcc -o conftest -g -O2   conftest.c  -lGL -lGLU >&5
configure:5391: $? = 0
configure:5397: ./conftest
configure:5400: $? = 0
configure:5417: result: yes
configure:5441: checking for sys/types.h
configure:5462: gcc -c -g -O2  conftest.c >&5
configure:5468: $? = 0
configure:5484: result: yes
configure:5441: checking for sys/stat.h
configure:5462: gcc -c -g -O2  conftest.c >&5
configure:5468: $? = 0
configure:5484: result: yes
configure:5441: checking for stdlib.h
configure:5462: gcc -c -g -O2  conftest.c >&5
configure:5468: $? = 0
configure:5484: result: yes
configure:5441: checking for string.h
configure:5462: gcc -c -g -O2  conftest.c >&5
configure:5468: $? = 0
configure:5484: result: yes
configure:5441: checking for memory.h
configure:5462: gcc -c -g -O2  conftest.c >&5
configure:5468: $? = 0
configure:5484: result: yes
configure:5441: checking for strings.h
configure:5462: gcc -c -g -O2  conftest.c >&5
configure:5468: $? = 0
configure:5484: result: yes
configure:5441: checking for inttypes.h
configure:5462: gcc -c -g -O2  conftest.c >&5
configure:5468: $? = 0
configure:5484: result: yes
configure:5441: checking for stdint.h
configure:5462: gcc -c -g -O2  conftest.c >&5
configure:5468: $? = 0
configure:5484: result: yes
configure:5441: checking for unistd.h
configure:5462: gcc -c -g -O2  conftest.c >&5
configure:5468: $? = 0
configure:5484: result: yes
configure:5502: checking for stdlib.h
configure:5508: result: yes
configure:5502: checking for unistd.h
configure:5508: result: yes
configure:5646: checking for stdbool.h that conforms to C99
configure:5739: gcc -c -g -O2  conftest.c >&5
configure:5745: $? = 0
configure:5760: result: yes
configure:5762: checking for _Bool
configure:5792: gcc -c -g -O2  conftest.c >&5
configure:5798: $? = 0
configure:5813: result: yes
configure:5832: checking for an ANSI C-conforming const
configure:5907: gcc -c -g -O2  conftest.c >&5
configure:5913: $? = 0
configure:5928: result: yes
configure:5938: checking for inline
configure:5964: gcc -c -g -O2  conftest.c >&5
configure:5970: $? = 0
configure:5988: result: inline
configure:6007: checking for size_t
configure:6037: gcc -c -g -O2  conftest.c >&5
configure:6043: $? = 0
configure:6058: result: yes
configure:6078: checking for pow
configure:6134: gcc -o conftest -g -O2   conftest.c  -lGL -lGLU >&5
conftest.c:48: warning: conflicting types for built-in function 'pow'
configure:6140: $? = 0
configure:6158: result: yes
configure:6078: checking for sqrt
configure:6134: gcc -o conftest -g -O2   conftest.c  -lGL -lGLU >&5
conftest.c:49: warning: conflicting types for built-in function 'sqrt'
configure:6140: $? = 0
configure:6158: result: yes
configure:6078: checking for usleep
configure:6134: gcc -o conftest -g -O2   conftest.c  -lGL -lGLU >&5
configure:6140: $? = 0
configure:6158: result: yes
configure:6322: creating ./config.status

## ---------------------- ##
## Running config.status. ##
## ---------------------- ##

This file was extended by HyperspaceExplorer config.status 0.2.0, which was
generated by GNU Autoconf 2.61.  Invocation command line was

  CONFIG_FILES    = 
  CONFIG_HEADERS  = 
  CONFIG_LINKS    = 
  CONFIG_COMMANDS = 
  $ ./config.status 

on sirius

config.status:632: creating Makefile
config.status:632: creating src/Makefile
config.status:817: executing depfiles commands

## ---------------- ##
## Cache variables. ##
## ---------------- ##

ac_cv_c_compiler_gnu=yes
ac_cv_c_const=yes
ac_cv_c_inline=inline
ac_cv_cxx_compiler_gnu=yes
ac_cv_env_CCC_set=
ac_cv_env_CCC_value=
ac_cv_env_CC_set=
ac_cv_env_CC_value=
ac_cv_env_CFLAGS_set=
ac_cv_env_CFLAGS_value=
ac_cv_env_CPPFLAGS_set=
ac_cv_env_CPPFLAGS_value=
ac_cv_env_CPP_set=
ac_cv_env_CPP_value=
ac_cv_env_CXXCPP_set=
ac_cv_env_CXXCPP_value=
ac_cv_env_CXXFLAGS_set=
ac_cv_env_CXXFLAGS_value=
ac_cv_env_CXX_set=
ac_cv_env_CXX_value=
ac_cv_env_LDFLAGS_set=
ac_cv_env_LDFLAGS_value=
ac_cv_env_LIBS_set=
ac_cv_env_LIBS_value=
ac_cv_env_XMKMF_set=
ac_cv_env_XMKMF_value=
ac_cv_env_build_alias_set=
ac_cv_env_build_alias_value=
ac_cv_env_host_alias_set=
ac_cv_env_host_alias_value=
ac_cv_env_target_alias_set=
ac_cv_env_target_alias_value=
ac_cv_func_pow=yes
ac_cv_func_sqrt=yes
ac_cv_func_usleep=yes
ac_cv_have_x='have_x=yes	ac_x_includes='\'''\''	ac_x_libraries='\''/usr/lib64'\'''
ac_cv_header_inttypes_h=yes
ac_cv_header_memory_h=yes
ac_cv_header_stdbool_h=yes
ac_cv_header_stdc=yes
ac_cv_header_stdint_h=yes
ac_cv_header_stdlib_h=yes
ac_cv_header_string_h=yes
ac_cv_header_strings_h=yes
ac_cv_header_sys_stat_h=yes
ac_cv_header_sys_types_h=yes
ac_cv_header_unistd_h=yes
ac_cv_objext=o
ac_cv_path_EGREP='/bin/grep -E'
ac_cv_path_GREP=/bin/grep
ac_cv_path_install='/usr/bin/install -c'
ac_cv_prog_AWK=gawk
ac_cv_prog_CPP='gcc -E'
ac_cv_prog_CXXCPP='g++ -E'
ac_cv_prog_MOC=moc
ac_cv_prog_QEMBED=qembed
ac_cv_prog_UIC=uic
ac_cv_prog_ac_ct_CC=gcc
ac_cv_prog_ac_ct_CXX=g++
ac_cv_prog_cc_c89=
ac_cv_prog_cc_g=yes
ac_cv_prog_cxx_g=yes
ac_cv_prog_make_make_set=yes
ac_cv_type__Bool=yes
ac_cv_type_size_t=yes
am_cv_CC_dependencies_compiler_type=none
am_cv_CXX_dependencies_compiler_type=none

## ----------------- ##
## Output variables. ##
## ----------------- ##

ACLOCAL='${SHELL} /home/helge/workspace/HyperspaceExplorer/missing --run aclocal-1.7'
AMDEPBACKSLASH='\'
AMDEP_FALSE='#'
AMDEP_TRUE=''
AMTAR='${SHELL} /home/helge/workspace/HyperspaceExplorer/missing --run tar'
AUTOCONF='${SHELL} /home/helge/workspace/HyperspaceExplorer/missing --run autoconf'
AUTOHEADER='${SHELL} /home/helge/workspace/HyperspaceExplorer/missing --run autoheader'
AUTOMAKE='${SHELL} /home/helge/workspace/HyperspaceExplorer/missing --run automake-1.7'
AWK='gawk'
CC='gcc'
CCDEPMODE='depmode=none'
CFLAGS='-g -O2'
CPP='gcc -E'
CPPFLAGS=''
CXX='g++'
CXXCPP='g++ -E'
CXXDEPMODE='depmode=none'
CXXFLAGS='-g -O2'
CYGPATH_W='echo'
DEFS='-DPACKAGE_NAME=\"HyperspaceExplorer\" -DPACKAGE_TARNAME=\"hyperspace-expl\" -DPACKAGE_VERSION=\"0.2.0\" -DPACKAGE_STRING=\"HyperspaceExplorer\ 0.2.0\" -DPACKAGE_BUGREPORT=\"helge.preuss@gmx.net\" -DPACKAGE=\"hyperspace-expl\" -DVERSION=\"0.2.0\" -DHAVE_GL=1 -DSTDC_HEADERS=1 -DHAVE_SYS_TYPES_H=1 -DHAVE_SYS_STAT_H=1 -DHAVE_STDLIB_H=1 -DHAVE_STRING_H=1 -DHAVE_MEMORY_H=1 -DHAVE_STRINGS_H=1 -DHAVE_INTTYPES_H=1 -DHAVE_STDINT_H=1 -DHAVE_UNISTD_H=1 -DHAVE_STDLIB_H=1 -DHAVE_UNISTD_H=1 -DHAVE__BOOL=1 -DHAVE_STDBOOL_H=1 -DHAVE_POW=1 -DHAVE_SQRT=1 -DHAVE_USLEEP=1'
DEPDIR='.deps'
ECHO_C=''
ECHO_N='-n'
ECHO_T=''
EGREP='/bin/grep -E'
EXEEXT=''
GLINC=''
GLLIB='-lGL -lGLU'
GREP='/bin/grep'
INCLUDES=' '
INSTALL_DATA='${INSTALL} -m 644'
INSTALL_PROGRAM='${INSTALL}'
INSTALL_SCRIPT='${INSTALL}'
INSTALL_STRIP_PROGRAM='${SHELL} $(install_sh) -c -s'
LDFLAGS=''
LIBOBJS=''
LIBS=' -lGL -lGLU'
LTLIBOBJS=''
MAKEINFO='${SHELL} /home/helge/workspace/HyperspaceExplorer/missing --run makeinfo'
MOC='moc'
OBJEXT='o'
PACKAGE='hyperspace-expl'
PACKAGE_BUGREPORT='helge.preuss@gmx.net'
PACKAGE_NAME='HyperspaceExplorer'
PACKAGE_STRING='HyperspaceExplorer 0.2.0'
PACKAGE_TARNAME='hyperspace-expl'
PACKAGE_VERSION='0.2.0'
PATH_SEPARATOR=':'
QASSISTANTCLIENT_LDADD='-lqassistantclient'
QEMBED='qembed'
QT_CXXFLAGS='-I/usr/qt/3/include'
QT_GUILINK=''
QT_LDADD='-L/usr/qt/3/lib -lqt'
SET_MAKE=''
SHELL='/bin/sh'
STRIP=''
UIC='uic'
VERSION='0.2.0'
XMKMF=''
ac_ct_CC='gcc'
ac_ct_CXX='g++'
am__fastdepCC_FALSE=''
am__fastdepCC_TRUE='#'
am__fastdepCXX_FALSE=''
am__fastdepCXX_TRUE='#'
am__include='include'
am__leading_dot='.'
am__quote=''
bindir='${exec_prefix}/bin'
build_alias=''
datadir='${datarootdir}'
datarootdir='${prefix}/share'
docdir='${datarootdir}/doc/${PACKAGE_TARNAME}'
dvidir='${docdir}'
exec_prefix='${prefix}'
host_alias=''
htmldir='${docdir}'
includedir='${prefix}/include'
infodir='${datarootdir}/info'
install_sh='/home/helge/workspace/HyperspaceExplorer/install-sh'
libdir='${exec_prefix}/lib'
libexecdir='${exec_prefix}/libexec'
localedir='${datarootdir}/locale'
localstatedir='${prefix}/var'
mandir='${datarootdir}/man'
oldincludedir='/usr/include'
pdfdir='${docdir}'
prefix='/usr/local'
program_transform_name='s,x,x,'
psdir='${docdir}'
sbindir='${exec_prefix}/sbin'
sharedstatedir='${prefix}/com'
sysconfdir='${prefix}/etc'
target_alias=''

## ----------- ##
## confdefs.h. ##
## ----------- ##

#define PACKAGE_NAME "HyperspaceExplorer"
#define PACKAGE_TARNAME "hyperspace-expl"
#define PACKAGE_VERSION "0.2.0"
#define PACKAGE_STRING "HyperspaceExplorer 0.2.0"
#define PACKAGE_BUGREPORT "helge.preuss@gmx.net"
#define PACKAGE "hyperspace-expl"
#define VERSION "0.2.0"
#define HAVE_GL 1
#define STDC_HEADERS 1
#define HAVE_SYS_TYPES_H 1
#define HAVE_SYS_STAT_H 1
#define HAVE_STDLIB_H 1
#define HAVE_STRING_H 1
#define HAVE_MEMORY_H 1
#define HAVE_STRINGS_H 1
#define HAVE_INTTYPES_H 1
#define HAVE_STDINT_H 1
#define HAVE_UNISTD_H 1
#define HAVE_STDLIB_H 1
#define HAVE_UNISTD_H 1
#define HAVE__BOOL 1
#define HAVE_STDBOOL_H 1
#define HAVE_POW 1
#define HAVE_SQRT 1
#define HAVE_USLEEP 1

configure: exit 0

## ---------------------- ##
## Running config.status. ##
## ---------------------- ##

This file was extended by HyperspaceExplorer config.status 0.2.0, which was
generated by GNU Autoconf 2.61.  Invocation command line was

  CONFIG_FILES    = 
  CONFIG_HEADERS  = 
  CONFIG_LINKS    = 
  CONFIG_COMMANDS = 
  $ ./config.status src/Makefile depfiles

on sirius

config.status:632: creating src/Makefile
config.status:817: executing depfiles commands
